
2023-05-08 15:40:33,657 - INFO - Sent 0 emails in total.
2023-05-08 17:02:29,227 - INFO - Sent 0 emails in total.
2023-05-09 17:02:14,332 - INFO - A class attendee for 5208475 is already a member, skipping to the next attendee
2023-05-09 17:02:18,349 - INFO - Sent 3 emails for event 5208475
2023-05-09 17:02:18,349 - INFO - Sent 3 emails in total.
2023-05-10 17:01:57,449 - INFO - Sent 0 emails in total.
2023-05-11 17:02:21,685 - INFO - Sent 0 emails in total.
2023-05-12 17:02:16,183 - INFO - Sent 0 emails in total.
2023-05-15 17:02:14,435 - INFO - Sent 1 emails for event 5157799
2023-05-15 17:02:21,546 - INFO - Sent 5 emails for event 5204447
2023-05-15 17:02:21,546 - INFO - Sent 6 emails in total.
2023-05-16 17:02:27,922 - INFO - Sent 0 emails in total.
2023-05-17 17:02:04,182 - INFO - Sent 0 emails in total.
2023-05-18 17:13:05,841 - INFO - Sent 0 emails in total.
2023-05-19 17:02:14,341 - INFO - Sent 0 emails in total.
2023-05-22 17:02:29,938 - INFO - Sent 1 emails for event 5263229
2023-05-22 17:02:35,740 - INFO - Sent 2 emails for event 5208473
2023-05-22 17:02:37,265 - INFO - No attendees found for event 5256480
2023-05-22 17:02:37,266 - INFO - Sent 2 emails for event 5256480
2023-05-22 17:02:42,069 - INFO - A class attendee for 5204463 is already a member, skipping to the next attendee
2023-05-22 17:02:42,069 - INFO - Sent 1 emails for event 5204463
2023-05-22 17:02:42,069 - INFO - Sent 4 emails in total.
2023-05-23 17:02:18,014 - INFO - Sent 0 emails in total.
2023-05-24 17:02:24,358 - INFO - Sent 0 emails in total.
2023-05-25 17:02:13,258 - INFO - Sent 0 emails in total.
2023-05-26 17:02:09,784 - INFO - Sent 0 emails in total.
2023-05-29 19:25:46,891 - INFO - No attendees found for event 5256484
2023-05-29 19:25:46,891 - INFO - Sent 0 emails for event 5256484
2023-05-29 19:25:51,162 - INFO - Sent 2 emails for event 5276204
2023-05-29 19:25:52,845 - INFO - No attendees found for event 4975127
2023-05-29 19:25:52,845 - INFO - Sent 2 emails for event 4975127
2023-05-29 19:25:57,620 - INFO - Sent 3 emails for event 5271700
2023-05-29 19:25:57,620 - INFO - Sent 5 emails in total.
2023-05-30 17:01:46,210 - INFO - Sent 0 emails in total.
2023-05-31 17:02:37,262 - INFO - Sent 0 emails in total.
2023-06-01 17:02:22,966 - INFO - Sent 0 emails in total.
2023-06-02 17:02:24,234 - INFO - Sent 0 emails in total.
2023-06-05 17:02:23,361 - INFO - Sent 0 emails in total.
2023-06-06 17:03:00,574 - INFO - Sent 0 emails in total.
2023-06-07 17:02:07,458 - INFO - Sent 0 emails in total.
2023-06-08 17:02:55,770 - INFO - Sent 0 emails in total.
2023-06-09 17:02:04,003 - INFO - Sent 0 emails in total.
2023-06-12 17:02:19,169 - INFO - Sent 0 emails in total.
2023-06-13 17:02:39,752 - INFO - Sent 0 emails in total.
2023-06-14 17:02:20,944 - INFO - Sent 0 emails in total.
2023-06-15 17:02:21,285 - INFO - Sent 0 emails in total.
2023-06-16 17:01:55,885 - INFO - Sent 0 emails in total.
2023-06-19 17:02:11,306 - INFO - No attendees found for event 5296838
2023-06-19 17:02:11,306 - INFO - Sent 0 emails for event 5296838
2023-06-19 17:02:16,324 - INFO - Sent 1 emails for event 5281411
2023-06-19 17:02:27,573 - INFO - Sent 4 emails for event 5296833
2023-06-19 17:02:33,262 - INFO - A class attendee for 5291256 is already a member, skipping to the next attendee
2023-06-19 17:02:33,262 - INFO - Sent 1 emails for event 5291256
2023-06-19 17:02:33,262 - INFO - Sent 6 emails in total.
2023-06-20 17:02:08,857 - INFO - No attendees found for event 5296829
2023-06-20 17:02:08,857 - INFO - Sent 0 emails for event 5296829
2023-06-20 17:02:08,857 - INFO - Sent 0 emails in total.
2023-06-21 17:02:05,093 - INFO - Sent 0 emails in total.
2023-06-22 17:02:18,136 - INFO - A class attendee for 5211987 is already a member, skipping to the next attendee
2023-06-22 17:02:19,208 - INFO - Sent 2 emails for event 5211987
2023-06-22 17:02:19,208 - INFO - Sent 2 emails in total.
2023-06-23 17:03:32,134 - INFO - Sent 0 emails in total.
2023-06-26 17:02:35,861 - INFO - No attendees found for event 5296843
2023-06-26 17:02:35,861 - INFO - Sent 0 emails for event 5296843
2023-06-26 17:02:36,863 - INFO - No attendees found for event 5296841
2023-06-26 17:02:36,863 - INFO - Sent 0 emails for event 5296841
2023-06-26 17:02:36,864 - INFO - Sent 0 emails in total.
2023-06-27 17:03:47,015 - INFO - Sent 0 emails in total.
2023-06-28 17:02:31,112 - INFO - Sent 0 emails in total.
2023-06-29 17:02:36,200 - INFO - A class attendee for 5333955 is already a member, skipping to the next attendee
2023-06-29 17:02:36,200 - INFO - Sent 0 emails for event 5333955
2023-06-29 17:02:36,200 - INFO - Sent 0 emails in total.
2023-06-30 17:02:33,472 - INFO - Sent 0 emails in total.
2023-07-03 17:02:38,734 - INFO - No attendees found for event 5319413
2023-07-03 17:02:38,734 - INFO - Sent 0 emails for event 5319413
2023-07-03 17:02:40,117 - INFO - No attendees found for event 5319410
2023-07-03 17:02:40,117 - INFO - Sent 0 emails for event 5319410
2023-07-03 17:02:41,491 - INFO - No attendees found for event 5319406
2023-07-03 17:02:41,491 - INFO - Sent 0 emails for event 5319406
2023-07-03 17:02:46,712 - INFO - Sent 2 emails for event 5319404
2023-07-03 17:02:46,712 - INFO - Sent 2 emails in total.
2023-07-04 17:03:14,437 - INFO - Sent 0 emails in total.
2023-07-05 17:03:42,501 - INFO - Sent 0 emails in total.
2023-07-06 17:03:31,597 - INFO - Sent 0 emails in total.
2023-07-07 17:03:22,338 - INFO - Sent 0 emails in total.
2023-07-10 17:03:33,371 - INFO - Sent 2 emails for event 5319416
2023-07-10 17:03:35,030 - INFO - No attendees found for event 5325109
2023-07-10 17:03:35,030 - INFO - Sent 2 emails for event 5325109
2023-07-10 17:03:35,030 - INFO - Sent 2 emails in total.
2023-07-11 17:02:48,198 - INFO - Sent 0 emails in total.
2023-07-12 17:02:27,227 - INFO - Sent 0 emails in total.
2023-07-13 17:02:54,210 - INFO - Sent 0 emails in total.
2023-07-14 17:03:23,045 - INFO - Sent 0 emails in total.
2023-07-17 17:02:34,201 - INFO - No attendees found for event 5332780
2023-07-17 17:02:34,201 - INFO - Sent 0 emails for event 5332780
2023-07-17 17:02:34,201 - INFO - Sent 0 emails in total.
2023-07-18 17:00:56,330 - INFO - Sent 0 emails in total.
2023-07-19 17:00:44,518 - INFO - Sent 0 emails in total.
2023-07-20 17:01:11,816 - INFO - Sent 0 emails in total.
2023-07-21 17:00:52,922 - INFO - Sent 0 emails in total.
2023-07-24 17:01:49,031 - INFO - Sent 3 emails for event 5338378
2023-07-24 17:01:49,031 - INFO - Sent 3 emails in total.
2023-07-25 17:00:50,507 - INFO - No attendees found for event 5329929
2023-07-25 17:00:50,507 - INFO - Sent 0 emails for event 5329929
2023-07-25 17:00:50,507 - INFO - Sent 0 emails in total.
2023-07-26 17:00:42,791 - INFO - Sent 0 emails in total.
2023-07-27 17:00:54,803 - INFO - Sent 0 emails in total.
2023-07-28 17:01:04,300 - INFO - No attendees found for event 5340583
2023-07-28 17:01:04,300 - INFO - Sent 0 emails for event 5340583
2023-07-28 17:01:04,300 - INFO - Sent 0 emails in total.
2023-07-31 17:00:59,963 - INFO - No attendees found for event 5325106
2023-07-31 17:00:59,963 - INFO - Sent 0 emails for event 5325106
2023-07-31 17:01:08,658 - INFO - A class attendee for 5291258 is already a member, skipping to the next attendee
2023-07-31 17:01:16,727 - INFO - A class attendee for 5291258 is already a member, skipping to the next attendee
2023-07-31 17:01:21,707 - INFO - Sent 7 emails for event 5291258
2023-07-31 17:01:21,707 - INFO - Sent 7 emails in total.
2023-08-01 17:00:46,524 - INFO - Sent 0 emails in total.
2023-08-02 17:00:47,770 - INFO - Sent 0 emails in total.
2023-08-03 17:01:01,888 - INFO - Sent 0 emails in total.
2023-08-04 17:00:54,802 - INFO - Sent 0 emails in total.
2023-08-07 17:00:46,249 - INFO - No attendees found for event 5325117
2023-08-07 17:00:46,249 - INFO - Sent 0 emails for event 5325117
2023-08-07 17:00:49,438 - INFO - A class attendee for 5325114 is already a member, skipping to the next attendee
2023-08-07 17:00:49,438 - INFO - Sent 1 emails for event 5325114
2023-08-07 17:00:49,439 - INFO - Sent 1 emails in total.
2023-08-08 17:01:01,820 - INFO - Sent 0 emails in total.
2023-08-09 17:01:06,439 - INFO - Sent 0 emails in total.
2023-08-10 17:00:45,260 - INFO - Sent 0 emails in total.
2023-08-11 17:00:57,922 - INFO - Sent 0 emails in total.
2023-08-14 17:00:53,225 - INFO - Sent 0 emails in total.
2023-08-15 17:01:15,714 - INFO - Sent 0 emails in total.
2023-08-16 17:00:57,770 - INFO - Sent 0 emails in total.
2023-08-21 19:00:49,766 - INFO - No attendees found for event 5325121
2023-08-21 19:00:49,766 - INFO - Sent 0 emails for event 5325121
2023-08-21 19:01:00,762 - INFO - Sent 4 emails for event 5332783
2023-08-21 19:01:06,301 - INFO - A class attendee for 5325118 is already a member, skipping to the next attendee
2023-08-21 19:01:11,667 - INFO - Sent 4 emails for event 5325118
2023-08-21 19:01:11,667 - INFO - Sent 8 emails in total.
2023-08-22 17:01:12,882 - INFO - Sent 3 emails for event 5329930
2023-08-22 17:01:12,882 - INFO - Sent 3 emails in total.
2023-08-23 17:01:05,291 - INFO - Sent 0 emails in total.
2023-08-24 17:01:10,476 - INFO - Sent 0 emails in total.
2023-08-25 17:00:57,670 - INFO - Sent 0 emails in total.
2023-08-28 17:01:01,835 - INFO - No attendees found for event 5340588
2023-08-28 17:01:01,835 - INFO - Sent 0 emails for event 5340588
2023-08-28 17:01:05,036 - INFO - No attendees found for event 5340586
2023-08-28 17:01:05,036 - INFO - Sent 0 emails for event 5340586
2023-08-28 17:01:14,730 - INFO - A class attendee for 5368107 is already a member, skipping to the next attendee
2023-08-28 17:01:18,542 - INFO - Sent 3 emails for event 5368107
2023-08-28 17:01:18,542 - INFO - Sent 3 emails in total.
2023-08-29 17:00:54,907 - INFO - Sent 0 emails in total.
2023-08-30 17:01:00,627 - INFO - Sent 0 emails in total.
2023-08-31 17:01:04,972 - INFO - Sent 0 emails in total.
2023-09-01 17:00:53,132 - INFO - Sent 0 emails in total.
2023-09-04 17:00:59,543 - INFO - Sent 0 emails in total.
2023-09-05 17:00:55,472 - INFO - Sent 0 emails in total.
2023-09-06 17:00:58,240 - INFO - Sent 0 emails in total.
2023-09-07 17:00:54,611 - INFO - Sent 0 emails in total.
2023-09-08 17:00:57,798 - INFO - Sent 0 emails in total.
2023-09-11 17:01:06,572 - INFO - Sent 0 emails in total.
2023-09-12 17:01:02,383 - INFO - Sent 0 emails in total.
2023-09-13 17:00:56,277 - INFO - Sent 0 emails in total.
2023-09-14 17:00:52,291 - INFO - Sent 0 emails in total.
2023-09-15 17:00:59,240 - INFO - Sent 0 emails in total.
2023-09-18 17:01:18,882 - INFO - A class attendee for 5360587 is already a member, skipping to the next attendee
2023-09-18 17:01:21,708 - INFO - Sent 2 emails for event 5360587
2023-09-18 17:01:31,080 - INFO - Sent 3 emails for event 5276204
2023-09-18 17:01:31,080 - INFO - Sent 5 emails in total.
2023-09-19 17:00:57,920 - INFO - A class attendee for 5360596 is already a member, skipping to the next attendee
2023-09-19 17:00:59,753 - INFO - Sent 2 emails for event 5360596
2023-09-19 17:00:59,753 - INFO - Sent 2 emails in total.
2023-09-20 17:00:58,974 - INFO - Sent 0 emails in total.
2023-09-21 17:01:00,445 - INFO - Sent 0 emails in total.
2023-09-22 17:01:07,038 - INFO - Sent 2 emails for event 5376880
2023-09-22 17:01:07,038 - INFO - Sent 2 emails in total.
2023-09-25 17:01:11,225 - INFO - Sent 4 emails for event 5368109
2023-09-25 17:01:11,225 - INFO - Sent 4 emails in total.
2023-09-26 17:00:51,650 - INFO - Sent 0 emails in total.
2023-09-27 17:00:57,214 - INFO - Sent 0 emails in total.
2023-09-28 17:00:58,647 - INFO - Sent 0 emails in total.
2023-09-29 17:00:58,627 - INFO - Sent 0 emails in total.
2023-10-02 17:01:01,423 - INFO - A class attendee for 5419984 is already a member, skipping to the next attendee
2023-10-02 17:01:01,423 - INFO - Sent 0 emails for event 5419984
2023-10-02 17:01:01,423 - INFO - Sent 0 emails in total.
2023-10-03 17:00:54,095 - INFO - Sent 0 emails in total.
2023-10-04 17:01:16,107 - INFO - Sent 0 emails in total.
2023-10-05 17:00:59,749 - INFO - Sent 0 emails in total.
2023-10-06 17:00:58,184 - INFO - Sent 0 emails in total.
2023-10-09 17:01:12,830 - INFO - No attendees found for event 5419990
2023-10-09 17:01:12,831 - INFO - Sent 0 emails for event 5419990
2023-10-09 17:01:21,514 - INFO - Sent 3 emails for event 5419987
2023-10-09 17:01:21,514 - INFO - Sent 3 emails in total.
2023-10-10 17:01:01,313 - INFO - Sent 0 emails in total.
2023-10-11 18:06:28,526 - INFO - Sent 0 emails in total.
2023-10-12 18:06:40,176 - INFO - Sent 0 emails in total.
2023-10-13 18:06:31,482 - INFO - Sent 0 emails in total.
2023-10-16 18:06:52,674 - INFO - Sent 0 emails in total.
2023-10-17 18:06:39,122 - INFO - Sent 0 emails in total.
2023-10-18 18:06:40,635 - INFO - Sent 0 emails in total.
2023-10-19 18:06:36,635 - INFO - Sent 2 emails for event 5212000
2023-10-19 18:06:36,635 - INFO - Sent 2 emails in total.
2023-10-20 18:06:21,823 - INFO - Sent 0 emails in total.
2023-10-23 18:06:19,528 - INFO - No attendees found for event 5452497
2023-10-23 18:06:19,528 - INFO - Sent 0 emails for event 5452497
2023-10-23 18:06:27,927 - INFO - Sent 1 emails for event 5360588
2023-10-23 18:06:33,441 - INFO - Sent 1 emails for event 5452503
2023-10-23 18:06:35,469 - INFO - No attendees found for event 5419996
2023-10-23 18:06:35,469 - INFO - Sent 1 emails for event 5419996
2023-10-23 18:06:50,194 - INFO - Sent 3 emails for event 5420002
2023-10-23 18:06:59,010 - INFO - Sent 3 emails for event 5376874
2023-10-23 18:07:03,110 - INFO - A class attendee for 5426534 is already a member, skipping to the next attendee
2023-10-23 18:07:07,164 - INFO - Sent 2 emails for event 5426534
2023-10-23 18:07:07,164 - INFO - Sent 10 emails in total.
2023-10-24 18:06:45,063 - INFO - Sent 2 emails for event 5360599
2023-10-24 18:06:45,063 - INFO - Sent 2 emails in total.
2023-10-25 18:06:30,206 - INFO - No attendees found for event 5451179
2023-10-25 18:06:30,207 - INFO - Sent 0 emails for event 5451179
2023-10-25 18:06:30,207 - INFO - Sent 0 emails in total.
2023-10-26 18:06:31,254 - INFO - Sent 0 emails in total.
2023-10-27 18:06:24,324 - INFO - No attendees found for event 5434772
2023-10-27 18:06:24,324 - INFO - Sent 0 emails for event 5434772
2023-10-27 18:06:24,324 - INFO - Sent 0 emails in total.
2023-10-30 18:06:42,460 - INFO - Sent 0 emails in total.
2023-10-31 18:06:21,709 - INFO - Sent 0 emails in total.
2023-11-01 18:06:33,155 - INFO - Sent 0 emails in total.
2023-11-02 18:06:29,188 - INFO - Sent 0 emails in total.
2023-11-03 18:06:35,742 - INFO - Sent 0 emails in total.
2023-11-06 18:06:40,602 - INFO - Sent 4 emails for event 5427334
2023-11-06 18:06:44,037 - INFO - A class attendee for 5376876 is already a member, skipping to the next attendee
2023-11-06 18:06:45,661 - INFO - Sent 1 emails for event 5376876
2023-11-06 18:06:45,661 - INFO - Sent 5 emails in total.
2023-11-07 18:06:29,877 - INFO - Sent 0 emails in total.
2023-11-08 18:06:38,079 - INFO - Sent 0 emails in total.
2023-11-09 18:06:23,561 - INFO - Sent 0 emails in total.
2023-11-10 18:06:21,877 - INFO - Sent 0 emails in total.
2023-11-13 18:06:45,739 - INFO - Sent 1 emails for event 5441564
2023-11-13 18:06:45,739 - INFO - Sent 1 emails in total.
2023-11-14 19:04:29,465 - INFO - Sent 0 emails in total.
2023-11-15 21:57:07,917 - INFO - Sent 0 emails in total.
2023-11-16 18:06:44,290 - INFO - A class attendee for 5376882 is already a member, skipping to the next attendee
2023-11-16 18:06:46,963 - INFO - Sent 1 emails for event 5376882
2023-11-16 18:06:46,963 - INFO - Sent 1 emails in total.
2023-11-17 18:06:53,473 - INFO - Sent 3 emails for event 5434774
2023-11-17 18:06:53,474 - INFO - Sent 3 emails in total.
2023-11-20 18:06:56,191 - INFO - Sent 1 emails for event 5427337
2023-11-20 18:07:09,054 - INFO - Sent 3 emails for event 5360592
2023-11-20 18:07:16,888 - INFO - Sent 1 emails for event 5452499
2023-11-20 18:07:46,829 - INFO - Sent 3 emails for event 5426535
2023-11-20 18:07:46,829 - INFO - Sent 8 emails in total.
2023-11-21 18:07:25,388 - INFO - Sent 1 emails for event 5360601
2023-11-21 18:07:25,388 - INFO - Sent 1 emails in total.
2023-11-22 18:06:33,414 - INFO - Sent 0 emails in total.
2023-11-23 18:06:28,700 - INFO - Sent 0 emails in total.
2023-11-24 18:06:10,845 - INFO - Sent 0 emails in total.
2023-11-27 18:06:30,405 - INFO - Sent 0 emails in total.
2023-11-28 18:06:45,940 - INFO - Sent 0 emails in total.
2023-11-29 18:06:29,609 - INFO - Sent 0 emails in total.
2023-11-30 18:06:44,272 - INFO - Sent 0 emails in total.
2023-12-01 18:06:32,266 - INFO - Sent 0 emails in total.
2023-12-04 18:06:45,565 - INFO - Sent 1 emails for event 5427340
2023-12-04 18:06:55,601 - INFO - A class attendee for 5441555 is already a member, skipping to the next attendee
2023-12-04 18:06:56,829 - INFO - A class attendee for 5441555 is already a member, skipping to the next attendee
2023-12-04 18:06:56,829 - INFO - Sent 4 emails for event 5441555
2023-12-04 18:07:02,126 - INFO - A class attendee for 5474528 is already a member, skipping to the next attendee
2023-12-04 18:07:03,902 - INFO - Sent 2 emails for event 5474528
2023-12-04 18:07:03,902 - INFO - Sent 7 emails in total.
2023-12-05 18:07:45,609 - INFO - Sent 2 emails for event 5434777
2023-12-05 18:07:45,609 - INFO - Sent 2 emails in total.
2023-12-06 18:06:37,100 - INFO - Sent 0 emails in total.
2023-12-07 18:06:40,378 - INFO - Sent 0 emails in total.
2023-12-08 18:06:30,772 - INFO - Sent 0 emails in total.
2023-12-11 18:06:40,016 - INFO - Sent 1 emails for event 5452513
2023-12-11 18:06:42,615 - INFO - Sent 1 emails for event 5452509
2023-12-11 18:06:49,254 - INFO - Sent 4 emails for event 5427342
2023-12-11 18:06:58,062 - INFO - Sent 3 emails for event 5452505
2023-12-11 18:06:59,157 - INFO - No attendees found for event 5452508
2023-12-11 18:06:59,157 - INFO - Sent 3 emails for event 5452508
2023-12-11 18:06:59,157 - INFO - Sent 9 emails in total.
2023-12-12 18:06:51,972 - INFO - A class attendee for 5498041 is already a member, skipping to the next attendee
2023-12-12 18:06:51,973 - INFO - Sent 0 emails for event 5498041
2023-12-12 18:06:51,973 - INFO - Sent 0 emails in total.
2023-12-13 18:06:13,051 - INFO - A class attendee for 5434778 is already a member, skipping to the next attendee
2023-12-13 18:06:14,951 - INFO - Sent 1 emails for event 5434778
2023-12-13 18:06:14,951 - INFO - Sent 1 emails in total.
2023-12-14 18:06:36,609 - INFO - No attendees found for event 5498044
2023-12-14 18:06:36,609 - INFO - Sent 0 emails for event 5498044
2023-12-14 18:06:36,609 - INFO - Sent 0 emails in total.
2023-12-15 18:06:31,226 - INFO - Sent 0 emails in total.
2023-12-18 18:06:28,973 - INFO - Sent 1 emails for event 5376877
2023-12-18 18:06:32,351 - INFO - Sent 2 emails for event 5426538
2023-12-18 18:06:32,351 - INFO - Sent 3 emails in total.
2023-12-19 18:06:15,500 - INFO - Sent 0 emails in total.
2023-12-20 18:06:19,220 - INFO - A class attendee for 5434780 is already a member, skipping to the next attendee
2023-12-20 18:06:19,220 - INFO - Sent 1 emails for event 5434780
2023-12-20 18:06:19,220 - INFO - Sent 1 emails in total.
2023-12-21 18:06:19,183 - INFO - Sent 0 emails in total.
2023-12-22 18:06:10,279 - INFO - Sent 0 emails in total.
2023-12-25 18:06:05,153 - INFO - Sent 0 emails in total.
2023-12-26 18:06:09,442 - INFO - Sent 0 emails in total.
2023-12-27 18:06:22,448 - INFO - Sent 0 emails in total.
2023-12-28 18:06:40,396 - INFO - Sent 0 emails in total.
2023-12-29 18:06:12,784 - INFO - Sent 0 emails in total.
2024-01-01 18:06:36,756 - INFO - Sent 0 emails in total.
2024-01-02 18:07:01,662 - INFO - Sent 0 emails in total.
2024-01-03 18:06:30,483 - INFO - Sent 0 emails in total.
2024-01-05 18:06:16,749 - INFO - Sent 0 emails in total.
2024-01-08 18:06:31,849 - INFO - Sent 2 emails for event 5527740
2024-01-08 18:06:35,108 - INFO - A class attendee for 5513207 is already a member, skipping to the next attendee
2024-01-08 18:06:36,107 - INFO - Sent 2 emails for event 5513207
2024-01-08 18:06:36,107 - INFO - Sent 4 emails in total.
2024-01-09 18:06:24,246 - INFO - Sent 0 emails in total.
2024-01-10 18:06:24,466 - INFO - Sent 0 emails in total.
2024-01-11 18:06:24,010 - INFO - Sent 0 emails in total.
2024-01-12 18:06:20,039 - INFO - Sent 0 emails in total.
2024-01-15 18:06:20,780 - INFO - No attendees found for event 5527752
2024-01-15 18:06:20,780 - INFO - Sent 0 emails for event 5527752
2024-01-15 18:06:24,598 - INFO - Sent 2 emails for event 5527751
2024-01-15 18:06:27,975 - INFO - Sent 2 emails for event 5527744
2024-01-15 18:06:33,781 - INFO - Sent 4 emails for event 5527741
2024-01-15 18:06:38,066 - INFO - Sent 3 emails for event 5426540
2024-01-15 18:06:38,066 - INFO - Sent 11 emails in total.
2024-01-16 18:06:38,208 - INFO - Sent 0 emails in total.
2024-01-17 18:06:36,237 - INFO - Sent 0 emails in total.
2024-01-18 18:06:23,158 - INFO - Sent 0 emails in total.
2024-01-19 18:06:41,965 - INFO - Sent 0 emails in total.
2024-01-22 18:06:33,573 - INFO - No attendees found for event 5567833
2024-01-22 18:06:33,573 - INFO - Sent 0 emails for event 5567833
2024-01-22 18:06:43,251 - INFO - Sent 5 emails for event 5527753
2024-01-22 18:06:43,251 - INFO - Sent 5 emails in total.
2024-01-23 18:06:40,972 - INFO - A class attendee for 5545110 is already a member, skipping to the next attendee
2024-01-23 18:06:43,076 - INFO - Sent 2 emails for event 5545110
2024-01-23 18:06:43,076 - INFO - Sent 2 emails in total.
2024-01-24 18:06:33,473 - INFO - Sent 0 emails in total.
2024-01-25 18:06:34,512 - INFO - Sent 0 emails in total.
2024-01-26 18:06:36,710 - INFO - No attendees found for event 5545113
2024-01-26 18:06:36,710 - INFO - Sent 0 emails for event 5545113
2024-01-26 18:06:36,710 - INFO - Sent 0 emails in total.
2024-01-29 18:06:17,411 - INFO - Sent 0 emails in total.
2024-01-30 18:06:40,211 - INFO - Sent 0 emails in total.
2024-01-31 18:05:58,082 - INFO - Sent 0 emails in total.
2024-02-01 18:06:07,261 - INFO - No attendees found for event 5594186
2024-02-01 18:06:07,261 - INFO - Sent 0 emails for event 5594186
2024-02-01 18:06:07,261 - INFO - Sent 0 emails in total.
2024-02-02 18:06:21,101 - INFO - Sent 0 emails in total.
2024-02-05 18:06:26,380 - INFO - Sent 1 emails for event 5559276
2024-02-05 18:06:28,790 - INFO - A class attendee for 5597735 is already a member, skipping to the next attendee
2024-02-05 18:06:28,790 - INFO - Sent 0 emails for event 5597735
2024-02-05 18:06:30,747 - INFO - A class attendee for 5597727 is already a member, skipping to the next attendee
2024-02-05 18:06:30,748 - INFO - Sent 0 emails for event 5597727
2024-02-05 18:06:31,892 - INFO - No attendees found for event 5597723
2024-02-05 18:06:31,893 - INFO - Sent 0 emails for event 5597723
2024-02-05 18:06:31,893 - INFO - Sent 1 emails in total.
2024-02-06 18:06:15,937 - INFO - Sent 0 emails in total.
2024-02-07 18:06:22,879 - INFO - Sent 0 emails in total.
2024-02-08 18:06:25,943 - INFO - Sent 0 emails in total.
2024-02-09 18:06:06,261 - INFO - Sent 0 emails in total.
2024-02-12 18:06:26,396 - ERROR - Error: Unable to send email. Status code: 400
2024-02-12 18:06:26,396 - INFO - Sent 1 emails for event 5559281
2024-02-12 18:06:28,327 - INFO - No attendees found for event 5597765
2024-02-12 18:06:28,327 - INFO - Sent 1 emails for event 5597765
2024-02-12 18:06:34,644 - INFO - Sent 2 emails for event 5597761
2024-02-12 18:06:43,426 - INFO - Sent 3 emails for event 5545121
2024-02-12 18:06:45,492 - INFO - No attendees found for event 5597738
2024-02-12 18:06:45,492 - INFO - Sent 3 emails for event 5597738
2024-02-12 18:06:45,492 - INFO - Sent 6 emails in total.
2024-02-13 18:07:11,459 - INFO - Sent 0 emails in total.
2024-02-14 18:06:29,799 - INFO - Sent 0 emails in total.
2024-02-15 18:06:44,876 - INFO - Sent 0 emails in total.
2024-02-16 18:06:23,002 - INFO - Sent 0 emails in total.
2024-02-19 18:07:14,883 - INFO - Sent 5 emails for event 5545122
2024-02-19 18:07:20,128 - INFO - A class attendee for 5545108 is already a member, skipping to the next attendee
2024-02-19 18:07:22,122 - INFO - Sent 2 emails for event 5545108
2024-02-19 18:07:30,150 - ERROR - Error: Unable to send email. Status code: 400
2024-02-19 18:07:33,038 - INFO - A class attendee for 5565505 is already a member, skipping to the next attendee
2024-02-19 18:07:39,304 - ERROR - Error: Unable to send email. Status code: 400
2024-02-19 18:07:39,305 - INFO - Sent 7 emails for event 5565505
2024-02-19 18:07:39,305 - INFO - Sent 14 emails in total.
2024-02-20 18:07:32,492 - INFO - Sent 3 emails for event 5545111
2024-02-20 18:07:32,493 - INFO - Sent 3 emails in total.
2024-02-21 18:06:23,181 - INFO - Sent 0 emails in total.
2024-02-22 18:06:45,415 - INFO - Sent 0 emails in total.
2024-02-23 18:06:36,716 - INFO - A class attendee for 5545114 is already a member, skipping to the next attendee
2024-02-23 18:06:36,716 - INFO - Sent 1 emails for event 5545114
2024-02-23 18:06:36,716 - INFO - Sent 1 emails in total.
2024-02-26 18:06:13,541 - INFO - Sent 1 emails for event 5617571
2024-02-26 18:06:13,541 - INFO - Sent 1 emails in total.
2024-02-27 18:06:36,604 - INFO - Sent 0 emails in total.
2024-02-28 18:06:15,276 - INFO - Sent 0 emails in total.
2024-02-29 18:07:11,604 - INFO - Sent 0 emails in total.
2024-03-01 18:06:11,240 - INFO - Sent 0 emails in total.
2024-03-04 18:06:28,090 - INFO - A class attendee for 5594192 is already a member, skipping to the next attendee
2024-03-04 18:06:28,090 - INFO - Sent 2 emails for event 5594192
2024-03-04 18:06:28,090 - INFO - Sent 2 emails in total.
2024-03-05 18:06:16,124 - INFO - Sent 0 emails in total.
2024-03-06 18:06:15,704 - INFO - Sent 0 emails in total.
2024-03-07 18:06:34,992 - INFO - Sent 0 emails in total.
2024-03-08 18:07:04,561 - INFO - Sent 0 emails in total.
2024-03-11 18:06:37,702 - INFO - No attendees found for event 5594184
2024-03-11 18:06:37,702 - INFO - Sent 0 emails for event 5594184
2024-03-11 18:06:37,702 - INFO - Sent 0 emails in total.
2024-03-12 18:06:42,865 - INFO - Sent 0 emails in total.
2024-03-13 18:06:10,148 - INFO - Sent 0 emails in total.
2024-03-14 18:06:14,473 - INFO - Sent 0 emails in total.
2024-03-15 18:07:41,793 - INFO - Sent 0 emails in total.
2024-03-18 18:06:31,597 - ERROR - Error: Unable to send email. Status code: 400
2024-03-18 18:06:32,989 - ERROR - Error: Unable to send email. Status code: 400
2024-03-18 18:06:33,693 - INFO - A class attendee for 5594187 is already a member, skipping to the next attendee
2024-03-18 18:06:34,847 - ERROR - Error: Unable to send email. Status code: 400
2024-03-18 18:06:36,065 - ERROR - Error: Unable to send email. Status code: 400
2024-03-18 18:06:36,065 - INFO - Sent 4 emails for event 5594187
2024-03-18 18:06:38,433 - INFO - A class attendee for 5545109 is already a member, skipping to the next attendee
2024-03-18 18:06:39,493 - ERROR - Error: Unable to send email. Status code: 400
2024-03-18 18:06:40,760 - ERROR - Error: Unable to send email. Status code: 400
2024-03-18 18:06:40,760 - INFO - Sent 2 emails for event 5545109
2024-03-18 18:06:46,335 - ERROR - Error: Unable to send email. Status code: 400
2024-03-18 18:06:47,305 - ERROR - Error: Unable to send email. Status code: 400
2024-03-18 18:06:48,502 - ERROR - Error: Unable to send email. Status code: 400
2024-03-18 18:06:49,307 - INFO - A class attendee for 5545120 is already a member, skipping to the next attendee
2024-03-18 18:06:49,307 - INFO - Sent 5 emails for event 5545120
2024-03-18 18:06:54,154 - ERROR - Error: Unable to send email. Status code: 400
2024-03-18 18:06:54,155 - INFO - Sent 2 emails for event 5597754
2024-03-18 18:06:54,155 - INFO - Sent 13 emails in total.
2024-03-19 18:06:21,416 - INFO - A class attendee for 5545112 is already a member, skipping to the next attendee
2024-03-19 18:06:36,508 - INFO - A class attendee for 5545112 is already a member, skipping to the next attendee
2024-03-19 18:06:44,827 - INFO - A class attendee for 5545112 is already a member, skipping to the next attendee
2024-03-19 18:06:44,827 - INFO - Sent 0 emails for event 5545112
2024-03-19 18:06:44,827 - INFO - Sent 0 emails in total.
2024-03-20 18:06:24,830 - INFO - Sent 0 emails in total.
2024-03-21 18:06:37,180 - INFO - Sent 0 emails in total.
2024-03-22 18:06:19,490 - ERROR - Error: Unable to send email. Status code: 400
2024-03-22 18:06:20,758 - ERROR - Error: Unable to send email. Status code: 400
2024-03-22 18:06:21,333 - INFO - A class attendee for 5545115 is already a member, skipping to the next attendee
2024-03-22 18:06:21,333 - INFO - Sent 2 emails for event 5545115
2024-03-22 18:06:21,333 - INFO - Sent 2 emails in total.
2024-03-25 18:06:55,766 - ERROR - Error: Unable to send email. Status code: 400
2024-03-25 18:06:57,471 - ERROR - Error: Unable to send email. Status code: 400
2024-03-25 18:06:58,155 - ERROR - Error: Unable to send email. Status code: 400
2024-03-25 18:06:58,638 - INFO - A class attendee for 5597803 is already a member, skipping to the next attendee
2024-03-25 18:06:59,546 - ERROR - Error: Unable to send email. Status code: 400
2024-03-25 18:07:00,273 - ERROR - Error: Unable to send email. Status code: 400
2024-03-25 18:07:00,788 - INFO - A class attendee for 5597803 is already a member, skipping to the next attendee
2024-03-25 18:07:00,788 - INFO - Sent 5 emails for event 5597803
2024-03-25 18:07:02,681 - ERROR - Error: Unable to send email. Status code: 400
2024-03-25 18:07:04,034 - INFO - A class attendee for 5606902 is already a member, skipping to the next attendee
2024-03-25 18:07:05,108 - INFO - A class attendee for 5606902 is already a member, skipping to the next attendee
2024-03-25 18:07:05,842 - ERROR - Error: Unable to send email. Status code: 400
2024-03-25 18:07:07,209 - ERROR - Error: Unable to send email. Status code: 400
2024-03-25 18:07:07,934 - ERROR - Error: Unable to send email. Status code: 400
2024-03-25 18:07:07,935 - INFO - Sent 4 emails for event 5606902
2024-03-25 18:07:07,935 - INFO - Sent 9 emails in total.
2024-03-26 18:07:04,369 - INFO - Sent 0 emails in total.
2024-03-27 18:06:52,396 - INFO - Sent 0 emails in total.
2024-03-28 18:07:44,929 - INFO - Sent 0 emails in total.
2024-03-29 18:06:01,149 - INFO - Sent 0 emails in total.
2024-04-01 18:06:20,173 - INFO - A class attendee for 5594190 is already a member, skipping to the next attendee
2024-04-01 18:06:21,682 - INFO - A class attendee for 5594190 is already a member, skipping to the next attendee
2024-04-01 18:06:21,682 - INFO - Sent 0 emails for event 5594190
2024-04-01 18:06:21,683 - INFO - Sent 0 emails in total.
2024-04-01 21:27:53,320 - ERROR - Error: Unable to send email. Status code: 400
2024-04-01 21:27:55,209 - ERROR - Error: Unable to send email. Status code: 400
2024-04-01 21:27:56,282 - INFO - A class attendee for 5545115 is already a member, skipping to the next attendee
2024-04-01 21:27:56,282 - INFO - Sent 2 emails for event 5545115
2024-04-01 21:27:56,282 - INFO - Sent 2 emails in total.
2024-04-01 21:31:33,424 - ERROR - Error: Unable to send email. Status code: 400, contact ID 61616222
2024-04-01 21:31:34,513 - ERROR - Error: Unable to send email. Status code: 400, contact ID 61446547
2024-04-01 21:31:35,217 - INFO - A class attendee for 5545115 is already a member, skipping to the next attendee
2024-04-01 21:31:35,217 - INFO - Sent 2 emails for event 5545115
2024-04-01 21:31:35,217 - INFO - Sent 2 emails in total.
2024-04-02 18:06:26,628 - ERROR - Error: Unable to send email. Status code: 400, contact ID 61616222
2024-04-02 18:06:27,241 - ERROR - Error: Unable to send email. Status code: 400, contact ID 61446547
2024-04-02 18:06:27,736 - INFO - A class attendee for 5545115 is already a member, skipping to the next attendee
2024-04-02 18:06:27,736 - INFO - Sent 2 emails for event 5545115
2024-04-02 18:06:27,736 - INFO - Sent 2 emails in total.
2024-04-03 18:06:11,430 - ERROR - Error: Unable to send email. Status code: 400, contact ID 61616222
2024-04-03 18:06:12,366 - ERROR - Error: Unable to send email. Status code: 400, contact ID 61446547
2024-04-03 18:06:12,808 - INFO - A class attendee for 5545115 is already a member, skipping to the next attendee
2024-04-03 18:06:12,808 - INFO - Sent 2 emails for event 5545115
2024-04-03 18:06:12,808 - INFO - Sent 2 emails in total.
2024-04-09 13:44:18,842 - ERROR - Error: Unable to send email. Status code: 400, contact ID 71973834
2024-04-09 13:44:19,520 - ERROR - Error: Unable to send email. Status code: 400, contact ID 73705496
2024-04-09 13:44:19,895 - INFO - A class attendee for 5633740 is already a member, skipping to the next attendee
2024-04-09 13:44:19,895 - INFO - Sent 2 emails for event 5633740
2024-04-09 13:44:19,895 - INFO - Sent 2 emails in total.
2024-04-09 13:48:54,560 - INFO - A class attendee for 5633740 is already a member, skipping to the next attendee
2024-04-09 13:48:54,560 - INFO - Sent 2 emails for event 5633740
2024-04-09 13:48:54,560 - INFO - Sent 2 emails in total.
2024-04-09 18:06:28,577 - INFO - A class attendee for 5633740 is already a member, skipping to the next attendee
2024-04-09 18:06:28,578 - INFO - Sent 2 emails for event 5633740
2024-04-09 18:06:28,578 - INFO - Sent 2 emails in total.
2024-04-10 18:07:23,809 - INFO - A class attendee for 5633740 is already a member, skipping to the next attendee
2024-04-10 18:07:23,809 - INFO - Sent 2 emails for event 5633740
2024-04-10 18:07:23,809 - INFO - Sent 2 emails in total.
2024-04-11 18:06:16,723 - INFO - A class attendee for 5633740 is already a member, skipping to the next attendee
2024-04-11 18:06:16,723 - INFO - Sent 2 emails for event 5633740
2024-04-11 18:06:16,723 - INFO - Sent 2 emails in total.
2024-04-12 18:06:11,989 - INFO - A class attendee for 5633740 is already a member, skipping to the next attendee
2024-04-12 18:06:11,989 - INFO - Sent 2 emails for event 5633740
2024-04-12 18:06:11,989 - INFO - Sent 2 emails in total.
2024-04-15 18:06:41,348 - ERROR - Error: Unable to send email. Status code: 400, contact ID 71973834
2024-04-15 18:06:43,528 - ERROR - Error: Unable to send email. Status code: 400, contact ID 73705496
2024-04-15 18:06:44,570 - INFO - A class attendee for 5633740 is already a member, skipping to the next attendee
2024-04-15 18:06:44,570 - INFO - Sent 2 emails for event 5633740
2024-04-15 18:06:44,570 - INFO - Sent 2 emails in total.
2024-04-16 18:06:49,014 - ERROR - Error: Unable to send email. Status code: 400, contact ID 71973834
2024-04-16 18:06:50,795 - ERROR - Error: Unable to send email. Status code: 400, contact ID 73705496
2024-04-16 18:06:51,799 - INFO - A class attendee for 5633740 is already a member, skipping to the next attendee
2024-04-16 18:06:51,800 - INFO - Sent 2 emails for event 5633740
2024-04-16 18:06:51,800 - INFO - Sent 2 emails in total.
2024-04-17 18:07:19,802 - ERROR - Error: Unable to send email. Status code: 400, contact ID 71973834
2024-04-17 18:07:21,309 - ERROR - Error: Unable to send email. Status code: 400, contact ID 73705496
2024-04-17 18:07:22,196 - INFO - A class attendee for 5633740 is already a member, skipping to the next attendee
2024-04-17 18:07:22,196 - INFO - Sent 2 emails for event 5633740
2024-04-17 18:07:22,196 - INFO - Sent 2 emails in total.
2024-04-18 18:06:35,362 - ERROR - Error: Unable to send email. Status code: 400, contact ID 71973834
2024-04-18 18:06:36,380 - ERROR - Error: Unable to send email. Status code: 400, contact ID 73705496
2024-04-18 18:06:37,184 - INFO - A class attendee for 5633740 is already a member, skipping to the next attendee
2024-04-18 18:06:37,184 - INFO - Sent 2 emails for event 5633740
2024-04-18 18:06:37,184 - INFO - Sent 2 emails in total.
2024-04-19 18:06:33,837 - ERROR - Error: Unable to send email. Status code: 400, contact ID 71973834
2024-04-19 18:06:35,522 - ERROR - Error: Unable to send email. Status code: 400, contact ID 73705496
2024-04-19 18:06:36,505 - INFO - A class attendee for 5633740 is already a member, skipping to the next attendee
2024-04-19 18:06:36,505 - INFO - Sent 2 emails for event 5633740
2024-04-19 18:06:36,505 - INFO - Sent 2 emails in total.
2024-04-22 18:06:35,003 - ERROR - Error: Unable to send email. Status code: 400, contact ID 71973834
2024-04-22 18:06:36,639 - ERROR - Error: Unable to send email. Status code: 400, contact ID 73705496
2024-04-22 18:06:37,617 - INFO - A class attendee for 5633740 is already a member, skipping to the next attendee
2024-04-22 18:06:37,617 - INFO - Sent 2 emails for event 5633740
2024-04-22 18:06:37,617 - INFO - Sent 2 emails in total.
2024-04-23 18:06:25,757 - ERROR - Error: Unable to send email. Status code: 400, contact ID 71973834
2024-04-23 18:06:26,751 - ERROR - Error: Unable to send email. Status code: 400, contact ID 73705496
2024-04-23 18:06:27,489 - INFO - A class attendee for 5633740 is already a member, skipping to the next attendee
2024-04-23 18:06:27,489 - INFO - Sent 2 emails for event 5633740
2024-04-23 18:06:27,489 - INFO - Sent 2 emails in total.
2024-04-24 18:06:33,768 - ERROR - Error: Unable to send email. Status code: 400, contact ID 71973834
2024-04-24 18:06:34,568 - ERROR - Error: Unable to send email. Status code: 400, contact ID 73705496
2024-04-24 18:06:34,957 - INFO - A class attendee for 5633740 is already a member, skipping to the next attendee
2024-04-24 18:06:34,958 - INFO - Sent 2 emails for event 5633740
2024-04-24 18:06:34,958 - INFO - Sent 2 emails in total.
2024-04-25 18:06:23,920 - ERROR - Error: Unable to send email. Status code: 400, contact ID 71973834
2024-04-25 18:06:25,193 - ERROR - Error: Unable to send email. Status code: 400, contact ID 73705496
2024-04-25 18:06:25,798 - INFO - A class attendee for 5633740 is already a member, skipping to the next attendee
2024-04-25 18:06:25,798 - INFO - Sent 2 emails for event 5633740
2024-04-25 18:06:25,798 - INFO - Sent 2 emails in total.
2024-04-26 18:06:19,219 - ERROR - Error: Unable to send email. Status code: 400, contact ID 71973834
2024-04-26 18:06:20,112 - ERROR - Error: Unable to send email. Status code: 400, contact ID 73705496
2024-04-26 18:06:20,903 - INFO - A class attendee for 5633740 is already a member, skipping to the next attendee
2024-04-26 18:06:20,903 - INFO - Sent 2 emails for event 5633740
2024-04-26 18:06:20,903 - INFO - Sent 2 emails in total.
2024-04-29 18:06:46,803 - ERROR - Error: Unable to send email. Status code: 400, contact ID 71973834
2024-04-29 18:06:48,627 - ERROR - Error: Unable to send email. Status code: 400, contact ID 73705496
2024-04-29 18:06:49,532 - INFO - A class attendee for 5633740 is already a member, skipping to the next attendee
2024-04-29 18:06:49,532 - INFO - Sent 2 emails for event 5633740
2024-04-29 18:06:49,532 - INFO - Sent 2 emails in total.
2024-04-30 18:07:21,919 - ERROR - Error: Unable to send email. Status code: 400, contact ID 71973834
2024-04-30 18:07:23,657 - ERROR - Error: Unable to send email. Status code: 400, contact ID 73705496
2024-04-30 18:07:24,729 - INFO - A class attendee for 5633740 is already a member, skipping to the next attendee
2024-04-30 18:07:24,729 - INFO - Sent 2 emails for event 5633740
2024-04-30 18:07:24,729 - INFO - Sent 2 emails in total.
2024-05-01 18:06:35,467 - ERROR - Error: Unable to send email. Status code: 400, contact ID 71973834
2024-05-01 18:06:36,239 - ERROR - Error: Unable to send email. Status code: 400, contact ID 73705496
2024-05-01 18:06:36,640 - INFO - A class attendee for 5633740 is already a member, skipping to the next attendee
2024-05-01 18:06:36,640 - INFO - Sent 2 emails for event 5633740
2024-05-01 18:06:36,640 - INFO - Sent 2 emails in total.
2024-05-02 18:06:28,258 - ERROR - Error: Unable to send email. Status code: 400, contact ID 71973834
2024-05-02 18:06:29,247 - ERROR - Error: Unable to send email. Status code: 400, contact ID 73705496
2024-05-02 18:06:30,056 - INFO - A class attendee for 5633740 is already a member, skipping to the next attendee
2024-05-02 18:06:30,056 - INFO - Sent 2 emails for event 5633740
2024-05-02 18:06:30,056 - INFO - Sent 2 emails in total.
2024-05-03 18:06:36,825 - ERROR - Error: Unable to send email. Status code: 400, contact ID 71973834
2024-05-03 18:06:37,945 - ERROR - Error: Unable to send email. Status code: 400, contact ID 73705496
2024-05-03 18:06:38,624 - INFO - A class attendee for 5633740 is already a member, skipping to the next attendee
2024-05-03 18:06:38,624 - INFO - Sent 2 emails for event 5633740
2024-05-03 18:06:38,624 - INFO - Sent 2 emails in total.
2024-05-06 18:08:00,849 - ERROR - Error: Unable to send email. Status code: 400, contact ID 71973834
2024-05-06 18:08:02,327 - ERROR - Error: Unable to send email. Status code: 400, contact ID 73705496
2024-05-06 18:08:03,083 - INFO - A class attendee for 5633740 is already a member, skipping to the next attendee
2024-05-06 18:08:03,083 - INFO - Sent 2 emails for event 5633740
2024-05-06 18:08:03,083 - INFO - Sent 2 emails in total.
2024-05-07 18:07:02,346 - ERROR - Error: Unable to send email. Status code: 400, contact ID 71973834
2024-05-07 18:07:03,247 - ERROR - Error: Unable to send email. Status code: 400, contact ID 73705496
2024-05-07 18:07:04,032 - INFO - A class attendee for 5633740 is already a member, skipping to the next attendee
2024-05-07 18:07:04,032 - INFO - Sent 2 emails for event 5633740
2024-05-07 18:07:04,032 - INFO - Sent 2 emails in total.
2024-05-08 18:07:15,871 - ERROR - Error: Unable to send email. Status code: 400, contact ID 71973834
2024-05-08 18:07:16,720 - ERROR - Error: Unable to send email. Status code: 400, contact ID 73705496
2024-05-08 18:07:17,299 - INFO - A class attendee for 5633740 is already a member, skipping to the next attendee
2024-05-08 18:07:17,299 - INFO - Sent 2 emails for event 5633740
2024-05-08 18:07:17,300 - INFO - Sent 2 emails in total.
2024-05-09 18:06:29,459 - ERROR - Error: Unable to send email. Status code: 400, contact ID 71973834
2024-05-09 18:06:31,433 - ERROR - Error: Unable to send email. Status code: 400, contact ID 73705496
2024-05-09 18:06:32,457 - INFO - A class attendee for 5633740 is already a member, skipping to the next attendee
2024-05-09 18:06:32,457 - INFO - Sent 2 emails for event 5633740
2024-05-09 18:06:32,457 - INFO - Sent 2 emails in total.
2024-05-10 18:06:49,140 - ERROR - Error: Unable to send email. Status code: 400, contact ID 71973834
2024-05-10 18:06:49,667 - ERROR - Error: Unable to send email. Status code: 400, contact ID 73705496
2024-05-10 18:06:50,004 - INFO - A class attendee for 5633740 is already a member, skipping to the next attendee
2024-05-10 18:06:50,004 - INFO - Sent 2 emails for event 5633740
2024-05-10 18:06:50,004 - INFO - Sent 2 emails in total.
2024-05-13 18:06:05,262 - ERROR - Error: Unable to send email. Status code: 400, contact ID 71973834
2024-05-13 18:06:06,192 - ERROR - Error: Unable to send email. Status code: 400, contact ID 73705496
2024-05-13 18:06:06,607 - INFO - A class attendee for 5633740 is already a member, skipping to the next attendee
2024-05-13 18:06:06,608 - INFO - Sent 2 emails for event 5633740
2024-05-13 18:06:06,608 - INFO - Sent 2 emails in total.
2024-05-14 18:06:32,218 - ERROR - Error: Unable to send email. Status code: 400, contact ID 71973834
2024-05-14 18:06:33,336 - ERROR - Error: Unable to send email. Status code: 400, contact ID 73705496
2024-05-14 18:06:34,241 - INFO - A class attendee for 5633740 is already a member, skipping to the next attendee
2024-05-14 18:06:34,241 - INFO - Sent 2 emails for event 5633740
2024-05-14 18:06:34,241 - INFO - Sent 2 emails in total.
2024-05-15 18:06:34,035 - ERROR - Error: Unable to send email. Status code: 400, contact ID 71973834
2024-05-15 18:06:35,743 - ERROR - Error: Unable to send email. Status code: 400, contact ID 73705496
2024-05-15 18:06:36,550 - INFO - A class attendee for 5633740 is already a member, skipping to the next attendee
2024-05-15 18:06:36,550 - INFO - Sent 2 emails for event 5633740
2024-05-15 18:06:36,550 - INFO - Sent 2 emails in total.
2024-05-16 18:06:34,787 - ERROR - Error: Unable to send email. Status code: 400, contact ID 71973834
2024-05-16 18:06:35,597 - ERROR - Error: Unable to send email. Status code: 400, contact ID 73705496
2024-05-16 18:06:36,006 - INFO - A class attendee for 5633740 is already a member, skipping to the next attendee
2024-05-16 18:06:36,006 - INFO - Sent 2 emails for event 5633740
2024-05-16 18:06:36,006 - INFO - Sent 2 emails in total.
2024-05-17 18:06:40,325 - ERROR - Error: Unable to send email. Status code: 400, contact ID 71973834
2024-05-17 18:06:41,065 - ERROR - Error: Unable to send email. Status code: 400, contact ID 73705496
2024-05-17 18:06:41,938 - INFO - A class attendee for 5633740 is already a member, skipping to the next attendee
2024-05-17 18:06:41,938 - INFO - Sent 2 emails for event 5633740
2024-05-17 18:06:41,938 - INFO - Sent 2 emails in total.
2024-05-20 18:07:01,853 - ERROR - Error: Unable to send email. Status code: 400, contact ID 71973834
2024-05-20 18:07:02,599 - ERROR - Error: Unable to send email. Status code: 400, contact ID 73705496
2024-05-20 18:07:03,076 - INFO - A class attendee for 5633740 is already a member, skipping to the next attendee
2024-05-20 18:07:03,076 - INFO - Sent 2 emails for event 5633740
2024-05-20 18:07:03,076 - INFO - Sent 2 emails in total.
2024-05-21 18:06:39,433 - ERROR - Error: Unable to send email. Status code: 400, contact ID 71973834
2024-05-21 18:06:40,485 - ERROR - Error: Unable to send email. Status code: 400, contact ID 73705496
2024-05-21 18:06:40,989 - INFO - A class attendee for 5633740 is already a member, skipping to the next attendee
2024-05-21 18:06:40,989 - INFO - Sent 2 emails for event 5633740
2024-05-21 18:06:40,989 - INFO - Sent 2 emails in total.
2024-05-22 18:07:03,957 - ERROR - Error: Unable to send email. Status code: 400, contact ID 71973834
2024-05-22 18:07:04,732 - ERROR - Error: Unable to send email. Status code: 400, contact ID 73705496
2024-05-22 18:07:05,144 - INFO - A class attendee for 5633740 is already a member, skipping to the next attendee
2024-05-22 18:07:05,144 - INFO - Sent 2 emails for event 5633740
2024-05-22 18:07:05,144 - INFO - Sent 2 emails in total.
2024-05-23 18:06:57,236 - ERROR - Error: Unable to send email. Status code: 400, contact ID 71973834
2024-05-23 18:06:58,923 - ERROR - Error: Unable to send email. Status code: 400, contact ID 73705496
2024-05-23 18:07:00,252 - INFO - A class attendee for 5633740 is already a member, skipping to the next attendee
2024-05-23 18:07:00,252 - INFO - Sent 2 emails for event 5633740
2024-05-23 18:07:00,252 - INFO - Sent 2 emails in total.
2024-05-24 18:07:24,803 - ERROR - Error: Unable to send email. Status code: 400, contact ID 71973834
2024-05-24 18:07:25,937 - ERROR - Error: Unable to send email. Status code: 400, contact ID 73705496
2024-05-24 18:07:26,577 - INFO - A class attendee for 5633740 is already a member, skipping to the next attendee
2024-05-24 18:07:26,577 - INFO - Sent 2 emails for event 5633740
2024-05-24 18:07:26,577 - INFO - Sent 2 emails in total.
2024-05-27 18:06:54,980 - ERROR - Error: Unable to send email. Status code: 400, contact ID 71973834
2024-05-27 18:06:56,034 - ERROR - Error: Unable to send email. Status code: 400, contact ID 73705496
2024-05-27 18:06:56,602 - INFO - A class attendee for 5633740 is already a member, skipping to the next attendee
2024-05-27 18:06:56,602 - INFO - Sent 2 emails for event 5633740
2024-05-27 18:06:56,602 - INFO - Sent 2 emails in total.
2024-05-28 18:06:41,884 - ERROR - Error: Unable to send email. Status code: 400, contact ID 71973834
2024-05-28 18:06:43,608 - ERROR - Error: Unable to send email. Status code: 400, contact ID 73705496
2024-05-28 18:06:44,676 - INFO - A class attendee for 5633740 is already a member, skipping to the next attendee
2024-05-28 18:06:44,676 - INFO - Sent 2 emails for event 5633740
2024-05-28 18:06:44,676 - INFO - Sent 2 emails in total.
2024-05-29 18:06:41,999 - ERROR - Error: Unable to send email. Status code: 400, contact ID 71973834
2024-05-29 18:06:42,528 - ERROR - Error: Unable to send email. Status code: 400, contact ID 73705496
2024-05-29 18:06:43,133 - INFO - A class attendee for 5633740 is already a member, skipping to the next attendee
2024-05-29 18:06:43,133 - INFO - Sent 2 emails for event 5633740
2024-05-29 18:06:43,133 - INFO - Sent 2 emails in total.
2024-05-30 18:07:45,586 - ERROR - Error: Unable to send email. Status code: 400, contact ID 71973834
2024-05-30 18:07:46,466 - ERROR - Error: Unable to send email. Status code: 400, contact ID 73705496
2024-05-30 18:07:47,503 - INFO - A class attendee for 5633740 is already a member, skipping to the next attendee
2024-05-30 18:07:47,503 - INFO - Sent 2 emails for event 5633740
2024-05-30 18:07:47,503 - INFO - Sent 2 emails in total.
2024-05-31 18:06:47,617 - ERROR - Error: Unable to send email. Status code: 400, contact ID 71973834
2024-05-31 18:06:49,320 - ERROR - Error: Unable to send email. Status code: 400, contact ID 73705496
2024-05-31 18:06:50,326 - INFO - A class attendee for 5633740 is already a member, skipping to the next attendee
2024-05-31 18:06:50,326 - INFO - Sent 2 emails for event 5633740
2024-05-31 18:06:50,326 - INFO - Sent 2 emails in total.
2024-06-03 18:07:48,241 - ERROR - Error: Unable to send email. Status code: 400, contact ID 71973834
2024-06-03 18:07:50,061 - ERROR - Error: Unable to send email. Status code: 400, contact ID 73705496
2024-06-03 18:07:50,534 - INFO - A class attendee for 5633740 is already a member, skipping to the next attendee
2024-06-03 18:07:50,534 - INFO - Sent 2 emails for event 5633740
2024-06-03 18:07:50,534 - INFO - Sent 2 emails in total.
2024-06-04 18:07:34,131 - ERROR - Error: Unable to send email. Status code: 400, contact ID 71973834
2024-06-04 18:07:35,049 - ERROR - Error: Unable to send email. Status code: 400, contact ID 73705496
2024-06-04 18:07:35,735 - INFO - A class attendee for 5633740 is already a member, skipping to the next attendee
2024-06-04 18:07:35,735 - INFO - Sent 2 emails for event 5633740
2024-06-04 18:07:35,735 - INFO - Sent 2 emails in total.
2024-06-05 18:06:45,849 - ERROR - Error: Unable to send email. Status code: 400, contact ID 71973834
2024-06-05 18:06:47,427 - ERROR - Error: Unable to send email. Status code: 400, contact ID 73705496
2024-06-05 18:06:48,316 - INFO - A class attendee for 5633740 is already a member, skipping to the next attendee
2024-06-05 18:06:48,316 - INFO - Sent 2 emails for event 5633740
2024-06-05 18:06:48,316 - INFO - Sent 2 emails in total.
